12:59:08.081 [main] INFO  - entering email and password
12:59:08.378 [main] INFO  - Click on the login button
13:31:42.450 [main] INFO  - Match the text
13:34:17.439 [main] INFO  - Match the text
13:38:06.567 [main] INFO  - entering email and password
13:38:06.838 [main] INFO  - Click on the login button
15:08:43.597 [main] INFO  - clicking on the email
15:08:43.675 [main] INFO  - entering email and password
15:08:43.891 [main] INFO  - Click on the login button
16:46:18.553 [main] INFO  - clicking on the email
16:46:18.659 [main] INFO  - clicking on the profesisonal options
16:46:18.746 [main] INFO  - Enter Name,Email and Phonenumber
16:46:19.048 [main] INFO  - the user click on the continue button
16:46:19.117 [main] INFO  - Enter Name,Email and Phonenumber
16:46:32.125 [main] INFO  - clicking on the email
16:46:32.658 [main] INFO  - entering email and password
16:46:32.891 [main] INFO  - Click on the login button
16:57:32.435 [main] INFO  - clicking on the email
16:57:32.537 [main] INFO  - clicking on the profesisonal options
16:57:32.622 [main] INFO  - Enter Name,Email and Phonenumber
16:57:32.913 [main] INFO  - the user click on the continue button
16:57:32.980 [main] INFO  - Enter Name,Email and Phonenumber
16:57:46.645 [main] INFO  - clicking on the email
16:57:47.284 [main] INFO  - entering email and password
16:57:47.564 [main] INFO  - Click on the login button
17:05:19.783 [main] INFO  - clicking on the email
17:05:19.876 [main] INFO  - clicking on the profesional options
17:05:19.960 [main] INFO  - Enter Name,Email and Phonenumber
17:05:20.304 [main] INFO  - the user click on the continue button
17:05:20.408 [main] INFO  - Enter Name,Email and Phonenumber
17:05:33.374 [main] INFO  - clicking on the email
17:05:33.905 [main] INFO  - entering email and password
17:05:34.136 [main] INFO  - Click on the login button
17:14:56.760 [main] INFO  - clicking on the email
17:14:56.861 [main] INFO  - clicking on the profesional options
17:14:56.949 [main] INFO  - Enter Name,Email and Phonenumber
17:14:57.238 [main] INFO  - the user click on the continue button
17:15:00.136 [main] INFO  - clicking on the email
17:15:00.684 [main] INFO  - entering email and password
17:15:00.926 [main] INFO  - Click on the login button
17:16:19.050 [main] INFO  - clicking on the email
17:16:19.144 [main] INFO  - clicking on the profesional options
17:16:19.227 [main] INFO  - Enter Name,Email and Phonenumber
17:16:19.522 [main] INFO  - the user click on the continue button
17:20:38.275 [main] INFO  - clicking on the email
17:20:38.373 [main] INFO  - clicking on the profesional options
17:20:38.457 [main] INFO  - Enter Name,Email and Phonenumber
17:20:38.756 [main] INFO  - the user click on the continue button
17:20:38.859 [main] INFO  - Enter Company Name, Password, and Confirm Password
17:20:39.075 [main] INFO  - User click on the t&c field
17:20:39.185 [main] INFO  - User click on the register field
17:20:48.938 [main] INFO  - The OTP page should be open
17:20:51.833 [main] INFO  - clicking on the email
17:20:52.512 [main] INFO  - entering email and password
17:20:52.750 [main] INFO  - Click on the login button
17:22:53.261 [main] INFO  - clicking on the email
17:22:53.356 [main] INFO  - clicking on the profesional options
17:22:53.439 [main] INFO  - Enter Name,Email and Phonenumber
17:22:53.737 [main] INFO  - the user click on the continue button
17:22:53.840 [main] INFO  - Enter Company Name, Password, and Confirm Password
17:22:54.053 [main] INFO  - User click on the t&c field
17:22:54.133 [main] INFO  - User click on the register field
17:22:54.180 [main] INFO  - The OTP page should be open
17:22:57.856 [main] INFO  - clicking on the email
17:22:58.955 [main] INFO  - entering email and password
17:22:59.170 [main] INFO  - Click on the login button
17:24:18.197 [main] INFO  - clicking on the email
17:24:18.296 [main] INFO  - clicking on the profesional options
17:24:18.381 [main] INFO  - Enter Name,Email and Phonenumber
17:24:18.673 [main] INFO  - the user click on the continue button
17:24:18.777 [main] INFO  - Enter Company Name, Password, and Confirm Password
17:24:18.994 [main] INFO  - User click on the t&c field
17:24:23.988 [main] INFO  - User click on the register field
17:24:24.034 [main] INFO  - The OTP page should be open
17:38:32.209 [main] INFO  - clicking on the email
17:38:32.312 [main] INFO  - clicking on the profesional options
17:38:32.398 [main] INFO  - Enter Name,Email and Phonenumber
17:38:32.691 [main] INFO  - the user click on the continue button
17:38:32.801 [main] INFO  - Enter Company Name, Password, and Confirm Password
17:38:33.010 [main] INFO  - User click on the t&c field
17:40:27.419 [main] INFO  - clicking on the email
17:40:27.516 [main] INFO  - clicking on the profesional options
17:40:27.602 [main] INFO  - Enter Name,Email and Phonenumber
17:40:27.900 [main] INFO  - the user click on the continue button
17:40:28.008 [main] INFO  - Enter Company Name, Password, and Confirm Password
17:40:28.217 [main] INFO  - User click on the t&c field
17:40:28.450 [main] INFO  - User click on the register field
17:40:38.506 [main] INFO  - The OTP page should be open
17:42:43.156 [main] INFO  - clicking on the email
17:42:43.254 [main] INFO  - clicking on the profesional options
17:42:43.341 [main] INFO  - Enter Name,Email and Phonenumber
17:42:43.640 [main] INFO  - the user click on the continue button
17:42:43.751 [main] INFO  - Enter Company Name, Password, and Confirm Password
17:42:43.966 [main] INFO  - User click on the t&c field
17:42:44.041 [main] INFO  - User click on the register field
17:42:54.095 [main] INFO  - The OTP page should be open
19:20:26.994 [main] INFO  - clicking on the email
19:20:27.090 [main] INFO  - clicking on the profesional options
19:20:27.180 [main] INFO  - Enter Name,Email and Phonenumber
19:20:27.472 [main] INFO  - the user click on the continue button
19:20:27.578 [main] INFO  - Enter Company Name, Password, and Confirm Password
19:20:27.784 [main] INFO  - User click on the t&c field
19:22:36.577 [main] INFO  - clicking on the email
19:22:36.677 [main] INFO  - clicking on the profesional options
19:22:36.762 [main] INFO  - Enter Name,Email and Phonenumber
19:22:37.054 [main] INFO  - the user click on the continue button
19:22:37.160 [main] INFO  - Enter Company Name, Password, and Confirm Password
19:22:37.373 [main] INFO  - User click on the t&c field
19:23:51.118 [main] INFO  - clicking on the email
19:23:51.212 [main] INFO  - clicking on the profesional options
19:23:51.302 [main] INFO  - Enter Name,Email and Phonenumber
19:23:51.599 [main] INFO  - the user click on the continue button
19:23:51.707 [main] INFO  - Enter Company Name, Password, and Confirm Password
19:23:51.920 [main] INFO  - User click on the t&c field
19:24:01.976 [main] INFO  - User click on the register field
19:25:04.595 [main] INFO  - clicking on the email
19:25:04.691 [main] INFO  - clicking on the profesional options
19:25:04.779 [main] INFO  - Enter Name,Email and Phonenumber
19:25:05.071 [main] INFO  - the user click on the continue button
19:25:05.176 [main] INFO  - Enter Company Name, Password, and Confirm Password
19:25:15.389 [main] INFO  - User click on the t&c field
19:25:25.436 [main] INFO  - User click on the register field
19:25:35.497 [main] INFO  - The OTP page should be open
19:26:53.377 [main] INFO  - clicking on the email
19:26:53.480 [main] INFO  - clicking on the profesional options
19:26:53.565 [main] INFO  - Enter Name,Email and Phonenumber
19:26:53.860 [main] INFO  - the user click on the continue button
19:26:53.963 [main] INFO  - Enter Company Name, Password, and Confirm Password
19:27:04.171 [main] INFO  - User click on the t&c field
19:27:14.218 [main] INFO  - User click on the register field
19:27:24.285 [main] INFO  - The OTP page should be open
19:27:27.595 [main] INFO  - clicking on the email
19:27:28.354 [main] INFO  - entering email and password
19:27:28.599 [main] INFO  - Click on the login button
