12:59:08.081 [main] INFO  - entering email and password
12:59:08.378 [main] INFO  - Click on the login button
13:31:42.450 [main] INFO  - Match the text
13:34:17.439 [main] INFO  - Match the text
13:38:06.567 [main] INFO  - entering email and password
13:38:06.838 [main] INFO  - Click on the login button
15:08:43.597 [main] INFO  - clicking on the email
15:08:43.675 [main] INFO  - entering email and password
15:08:43.891 [main] INFO  - Click on the login button
16:46:18.553 [main] INFO  - clicking on the email
16:46:18.659 [main] INFO  - clicking on the profesisonal options
16:46:18.746 [main] INFO  - Enter Name,Email and Phonenumber
16:46:19.048 [main] INFO  - the user click on the continue button
16:46:19.117 [main] INFO  - Enter Name,Email and Phonenumber
16:46:32.125 [main] INFO  - clicking on the email
16:46:32.658 [main] INFO  - entering email and password
16:46:32.891 [main] INFO  - Click on the login button
16:57:32.435 [main] INFO  - clicking on the email
16:57:32.537 [main] INFO  - clicking on the profesisonal options
16:57:32.622 [main] INFO  - Enter Name,Email and Phonenumber
16:57:32.913 [main] INFO  - the user click on the continue button
16:57:32.980 [main] INFO  - Enter Name,Email and Phonenumber
16:57:46.645 [main] INFO  - clicking on the email
16:57:47.284 [main] INFO  - entering email and password
16:57:47.564 [main] INFO  - Click on the login button
17:05:19.783 [main] INFO  - clicking on the email
17:05:19.876 [main] INFO  - clicking on the profesional options
17:05:19.960 [main] INFO  - Enter Name,Email and Phonenumber
17:05:20.304 [main] INFO  - the user click on the continue button
17:05:20.408 [main] INFO  - Enter Name,Email and Phonenumber
17:05:33.374 [main] INFO  - clicking on the email
17:05:33.905 [main] INFO  - entering email and password
17:05:34.136 [main] INFO  - Click on the login button
17:14:56.760 [main] INFO  - clicking on the email
17:14:56.861 [main] INFO  - clicking on the profesional options
17:14:56.949 [main] INFO  - Enter Name,Email and Phonenumber
17:14:57.238 [main] INFO  - the user click on the continue button
17:15:00.136 [main] INFO  - clicking on the email
17:15:00.684 [main] INFO  - entering email and password
17:15:00.926 [main] INFO  - Click on the login button
17:16:19.050 [main] INFO  - clicking on the email
17:16:19.144 [main] INFO  - clicking on the profesional options
17:16:19.227 [main] INFO  - Enter Name,Email and Phonenumber
17:16:19.522 [main] INFO  - the user click on the continue button
17:20:38.275 [main] INFO  - clicking on the email
17:20:38.373 [main] INFO  - clicking on the profesional options
17:20:38.457 [main] INFO  - Enter Name,Email and Phonenumber
17:20:38.756 [main] INFO  - the user click on the continue button
17:20:38.859 [main] INFO  - Enter Company Name, Password, and Confirm Password
17:20:39.075 [main] INFO  - User click on the t&c field
17:20:39.185 [main] INFO  - User click on the register field
17:20:48.938 [main] INFO  - The OTP page should be open
17:20:51.833 [main] INFO  - clicking on the email
17:20:52.512 [main] INFO  - entering email and password
17:20:52.750 [main] INFO  - Click on the login button
17:22:53.261 [main] INFO  - clicking on the email
17:22:53.356 [main] INFO  - clicking on the profesional options
17:22:53.439 [main] INFO  - Enter Name,Email and Phonenumber
17:22:53.737 [main] INFO  - the user click on the continue button
17:22:53.840 [main] INFO  - Enter Company Name, Password, and Confirm Password
17:22:54.053 [main] INFO  - User click on the t&c field
17:22:54.133 [main] INFO  - User click on the register field
17:22:54.180 [main] INFO  - The OTP page should be open
17:22:57.856 [main] INFO  - clicking on the email
17:22:58.955 [main] INFO  - entering email and password
17:22:59.170 [main] INFO  - Click on the login button
17:24:18.197 [main] INFO  - clicking on the email
17:24:18.296 [main] INFO  - clicking on the profesional options
17:24:18.381 [main] INFO  - Enter Name,Email and Phonenumber
17:24:18.673 [main] INFO  - the user click on the continue button
17:24:18.777 [main] INFO  - Enter Company Name, Password, and Confirm Password
17:24:18.994 [main] INFO  - User click on the t&c field
17:24:23.988 [main] INFO  - User click on the register field
17:24:24.034 [main] INFO  - The OTP page should be open
17:38:32.209 [main] INFO  - clicking on the email
17:38:32.312 [main] INFO  - clicking on the profesional options
17:38:32.398 [main] INFO  - Enter Name,Email and Phonenumber
17:38:32.691 [main] INFO  - the user click on the continue button
17:38:32.801 [main] INFO  - Enter Company Name, Password, and Confirm Password
17:38:33.010 [main] INFO  - User click on the t&c field
17:40:27.419 [main] INFO  - clicking on the email
17:40:27.516 [main] INFO  - clicking on the profesional options
17:40:27.602 [main] INFO  - Enter Name,Email and Phonenumber
17:40:27.900 [main] INFO  - the user click on the continue button
17:40:28.008 [main] INFO  - Enter Company Name, Password, and Confirm Password
17:40:28.217 [main] INFO  - User click on the t&c field
17:40:28.450 [main] INFO  - User click on the register field
17:40:38.506 [main] INFO  - The OTP page should be open
17:42:43.156 [main] INFO  - clicking on the email
17:42:43.254 [main] INFO  - clicking on the profesional options
17:42:43.341 [main] INFO  - Enter Name,Email and Phonenumber
17:42:43.640 [main] INFO  - the user click on the continue button
17:42:43.751 [main] INFO  - Enter Company Name, Password, and Confirm Password
17:42:43.966 [main] INFO  - User click on the t&c field
17:42:44.041 [main] INFO  - User click on the register field
17:42:54.095 [main] INFO  - The OTP page should be open
19:20:26.994 [main] INFO  - clicking on the email
19:20:27.090 [main] INFO  - clicking on the profesional options
19:20:27.180 [main] INFO  - Enter Name,Email and Phonenumber
19:20:27.472 [main] INFO  - the user click on the continue button
19:20:27.578 [main] INFO  - Enter Company Name, Password, and Confirm Password
19:20:27.784 [main] INFO  - User click on the t&c field
19:22:36.577 [main] INFO  - clicking on the email
19:22:36.677 [main] INFO  - clicking on the profesional options
19:22:36.762 [main] INFO  - Enter Name,Email and Phonenumber
19:22:37.054 [main] INFO  - the user click on the continue button
19:22:37.160 [main] INFO  - Enter Company Name, Password, and Confirm Password
19:22:37.373 [main] INFO  - User click on the t&c field
19:23:51.118 [main] INFO  - clicking on the email
19:23:51.212 [main] INFO  - clicking on the profesional options
19:23:51.302 [main] INFO  - Enter Name,Email and Phonenumber
19:23:51.599 [main] INFO  - the user click on the continue button
19:23:51.707 [main] INFO  - Enter Company Name, Password, and Confirm Password
19:23:51.920 [main] INFO  - User click on the t&c field
19:24:01.976 [main] INFO  - User click on the register field
19:25:04.595 [main] INFO  - clicking on the email
19:25:04.691 [main] INFO  - clicking on the profesional options
19:25:04.779 [main] INFO  - Enter Name,Email and Phonenumber
19:25:05.071 [main] INFO  - the user click on the continue button
19:25:05.176 [main] INFO  - Enter Company Name, Password, and Confirm Password
19:25:15.389 [main] INFO  - User click on the t&c field
19:25:25.436 [main] INFO  - User click on the register field
19:25:35.497 [main] INFO  - The OTP page should be open
19:26:53.377 [main] INFO  - clicking on the email
19:26:53.480 [main] INFO  - clicking on the profesional options
19:26:53.565 [main] INFO  - Enter Name,Email and Phonenumber
19:26:53.860 [main] INFO  - the user click on the continue button
19:26:53.963 [main] INFO  - Enter Company Name, Password, and Confirm Password
19:27:04.171 [main] INFO  - User click on the t&c field
19:27:14.218 [main] INFO  - User click on the register field
19:27:24.285 [main] INFO  - The OTP page should be open
19:27:27.595 [main] INFO  - clicking on the email
19:27:28.354 [main] INFO  - entering email and password
19:27:28.599 [main] INFO  - Click on the login button
13:28:56.618 [main] DEBUG - Parsing relationship: /xl/_rels/workbook.xml.rels
13:28:56.623 [main] DEBUG - Parsing relationship: /xl/worksheets/_rels/sheet1.xml.rels
13:28:56.624 [main] DEBUG - Parsing relationship: /_rels/.rels
13:28:56.782 [main] TRACE - Loading type system org.apache.poi.schemas.ooxml.system.ooxml
13:28:56.784 [main] TRACE - Loading type system org.apache.xmlbeans.metadata.system.sXMLCONFIG
13:28:56.785 [main] TRACE - Loading type system org.apache.xmlbeans.metadata.system.sXMLLANG
13:28:56.785 [main] TRACE - Loading type system org.apache.xmlbeans.metadata.system.sXMLSCHEMA
13:28:56.785 [main] TRACE - Loading type system org.apache.xmlbeans.metadata.system.sXMLTOOLS
13:28:56.786 [main] TRACE - Reading unresolved handles for type system org.apache.xmlbeans.metadata.system.sXMLTOOLS
13:28:56.796 [main] TRACE - Finished loading type system org.apache.xmlbeans.metadata.system.sXMLTOOLS
13:28:56.797 [main] TRACE - Reading unresolved handles for type system org.apache.xmlbeans.metadata.system.sXMLSCHEMA
13:28:56.801 [main] TRACE - Finished loading type system org.apache.xmlbeans.metadata.system.sXMLSCHEMA
13:28:56.802 [main] TRACE - Reading unresolved handles for type system org.apache.xmlbeans.metadata.system.sXMLLANG
13:28:56.802 [main] TRACE - Finished loading type system org.apache.xmlbeans.metadata.system.sXMLLANG
13:28:56.803 [main] TRACE - Reading unresolved handles for type system org.apache.xmlbeans.metadata.system.sXMLCONFIG
13:28:56.804 [main] TRACE - Finished loading type system org.apache.xmlbeans.metadata.system.sXMLCONFIG
13:28:56.804 [main] TRACE - Reading unresolved handles for type system org.apache.poi.schemas.ooxml.system.ooxml
13:28:56.849 [main] TRACE - Finished loading type system org.apache.poi.schemas.ooxml.system.ooxml
13:28:56.849 [main] TRACE - Resolving type for handle themefd26doctype
13:28:56.895 [main] TRACE - Resolving type for handle stylesheet5d8bdoctype
13:28:56.901 [main] TRACE - Resolving type for handle ctstylesheet4257type
13:28:56.905 [main] TRACE - Resolving type for handle ctfonts6623type
13:28:56.908 [main] TRACE - Resolving type for handle ctfont14d8type
13:28:56.912 [main] TRACE - Resolving type for handle ctfills2c6ftype
13:28:56.914 [main] TRACE - Resolving type for handle ctfill550ctype
13:28:56.916 [main] TRACE - Resolving type for handle ctborders0d66type
13:28:56.918 [main] TRACE - Resolving type for handle ctborderf935type
13:28:56.921 [main] TRACE - Resolving type for handle ctcellxfs1322type
13:28:56.924 [main] TRACE - Resolving type for handle ctxf97f7type
13:28:56.926 [main] TRACE - Resolving type for handle ctcellstylexfsa81ftype
13:28:56.928 [main] TRACE - Resolving type for handle ctdxfsb26atype
13:28:56.930 [main] TRACE - Resolving type for handle sstf81fdoctype
13:28:56.933 [main] TRACE - Resolving type for handle ctsst44f3type
13:28:56.940 [main] TRACE - Resolving type for handle ctrsta472type
13:28:56.956 [main] TRACE - Resolving type for handle ctdrawing2748type
13:28:56.959 [main] TRACE - Resolving type for handle workbookec17doctype
13:28:56.963 [main] TRACE - Resolving type for handle ctworkbook83c3type
13:28:56.966 [main] TRACE - Resolving type for handle ctsheets49fdtype
13:28:56.968 [main] TRACE - Resolving type for handle ctsheet4dbetype
13:28:56.970 [main] TRACE - Resolving type for handle strelationshipid1e94type
13:28:56.972 [main] TRACE - Resolving type for handle worksheetf539doctype
13:28:56.993 [main] TRACE - Resolving type for handle ctworksheet530dtype
13:28:56.997 [main] TRACE - Resolving type for handle ctsheetdata8408type
13:28:56.999 [main] TRACE - Resolving type for handle ctrowdd39type
13:28:57.006 [main] TRACE - Resolving type for handle ctcell842btype
13:28:57.012 [main] TRACE - Resolving type for handle stcellrefe4e0type
13:28:57.032 [main] TRACE - Resolving type for handle ctcols627ctype
13:28:57.036 [main] TRACE - Resolving type for handle ctcola95ftype
13:28:57.051 [main] TRACE - Resolving type for handle ctdefinednamesce48type
13:28:57.055 [main] TRACE - Resolving type for handle ctbookviewsb864type
13:28:57.057 [main] TRACE - Resolving type for handle ctbookviewf677type
13:28:57.060 [main] TRACE - Resolving type for handle stxstringf179type
13:28:57.062 [main] TRACE - Resolving type for handle stcelltypebf95type
13:29:00.798 [main] DEBUG - Parsing relationship: /xl/_rels/workbook.xml.rels
13:29:00.802 [main] DEBUG - Parsing relationship: /xl/worksheets/_rels/sheet1.xml.rels
13:29:00.803 [main] DEBUG - Parsing relationship: /_rels/.rels
13:29:08.991 [main] DEBUG - Parsing relationship: /xl/_rels/workbook.xml.rels
13:29:08.992 [main] DEBUG - Parsing relationship: /xl/worksheets/_rels/sheet1.xml.rels
13:29:08.993 [main] DEBUG - Parsing relationship: /_rels/.rels
13:33:18.393 [main] DEBUG - Parsing relationship: /xl/_rels/workbook.xml.rels
13:33:18.397 [main] DEBUG - Parsing relationship: /xl/worksheets/_rels/sheet1.xml.rels
13:33:18.398 [main] DEBUG - Parsing relationship: /_rels/.rels
13:33:18.545 [main] TRACE - Loading type system org.apache.poi.schemas.ooxml.system.ooxml
13:33:18.548 [main] TRACE - Loading type system org.apache.xmlbeans.metadata.system.sXMLCONFIG
13:33:18.548 [main] TRACE - Loading type system org.apache.xmlbeans.metadata.system.sXMLLANG
13:33:18.548 [main] TRACE - Loading type system org.apache.xmlbeans.metadata.system.sXMLSCHEMA
13:33:18.549 [main] TRACE - Loading type system org.apache.xmlbeans.metadata.system.sXMLTOOLS
13:33:18.550 [main] TRACE - Reading unresolved handles for type system org.apache.xmlbeans.metadata.system.sXMLTOOLS
13:33:18.561 [main] TRACE - Finished loading type system org.apache.xmlbeans.metadata.system.sXMLTOOLS
13:33:18.562 [main] TRACE - Reading unresolved handles for type system org.apache.xmlbeans.metadata.system.sXMLSCHEMA
13:33:18.567 [main] TRACE - Finished loading type system org.apache.xmlbeans.metadata.system.sXMLSCHEMA
13:33:18.568 [main] TRACE - Reading unresolved handles for type system org.apache.xmlbeans.metadata.system.sXMLLANG
13:33:18.568 [main] TRACE - Finished loading type system org.apache.xmlbeans.metadata.system.sXMLLANG
13:33:18.569 [main] TRACE - Reading unresolved handles for type system org.apache.xmlbeans.metadata.system.sXMLCONFIG
13:33:18.570 [main] TRACE - Finished loading type system org.apache.xmlbeans.metadata.system.sXMLCONFIG
13:33:18.570 [main] TRACE - Reading unresolved handles for type system org.apache.poi.schemas.ooxml.system.ooxml
13:33:18.620 [main] TRACE - Finished loading type system org.apache.poi.schemas.ooxml.system.ooxml
13:33:18.620 [main] TRACE - Resolving type for handle themefd26doctype
13:33:18.667 [main] TRACE - Resolving type for handle stylesheet5d8bdoctype
13:33:18.673 [main] TRACE - Resolving type for handle ctstylesheet4257type
13:33:18.677 [main] TRACE - Resolving type for handle ctfonts6623type
13:33:18.680 [main] TRACE - Resolving type for handle ctfont14d8type
13:33:18.685 [main] TRACE - Resolving type for handle ctfills2c6ftype
13:33:18.687 [main] TRACE - Resolving type for handle ctfill550ctype
13:33:18.689 [main] TRACE - Resolving type for handle ctborders0d66type
13:33:18.692 [main] TRACE - Resolving type for handle ctborderf935type
13:33:18.695 [main] TRACE - Resolving type for handle ctcellxfs1322type
13:33:18.698 [main] TRACE - Resolving type for handle ctxf97f7type
13:33:18.700 [main] TRACE - Resolving type for handle ctcellstylexfsa81ftype
13:33:18.702 [main] TRACE - Resolving type for handle ctdxfsb26atype
13:33:18.704 [main] TRACE - Resolving type for handle sstf81fdoctype
13:33:18.707 [main] TRACE - Resolving type for handle ctsst44f3type
13:33:18.715 [main] TRACE - Resolving type for handle ctrsta472type
13:33:18.731 [main] TRACE - Resolving type for handle ctdrawing2748type
13:33:18.735 [main] TRACE - Resolving type for handle workbookec17doctype
13:33:18.739 [main] TRACE - Resolving type for handle ctworkbook83c3type
13:33:18.743 [main] TRACE - Resolving type for handle ctsheets49fdtype
13:33:18.745 [main] TRACE - Resolving type for handle ctsheet4dbetype
13:33:18.747 [main] TRACE - Resolving type for handle strelationshipid1e94type
13:33:18.749 [main] TRACE - Resolving type for handle worksheetf539doctype
13:33:18.774 [main] TRACE - Resolving type for handle ctworksheet530dtype
13:33:18.778 [main] TRACE - Resolving type for handle ctsheetdata8408type
13:33:18.780 [main] TRACE - Resolving type for handle ctrowdd39type
13:33:18.788 [main] TRACE - Resolving type for handle ctcell842btype
13:33:18.793 [main] TRACE - Resolving type for handle stcellrefe4e0type
13:33:18.816 [main] TRACE - Resolving type for handle ctcols627ctype
13:33:18.820 [main] TRACE - Resolving type for handle ctcola95ftype
13:33:18.837 [main] TRACE - Resolving type for handle ctdefinednamesce48type
13:33:18.841 [main] TRACE - Resolving type for handle ctbookviewsb864type
13:33:18.843 [main] TRACE - Resolving type for handle ctbookviewf677type
13:33:18.846 [main] TRACE - Resolving type for handle stxstringf179type
13:33:18.847 [main] TRACE - Resolving type for handle stcelltypebf95type
13:33:21.855 [main] DEBUG - Parsing relationship: /xl/_rels/workbook.xml.rels
13:33:21.857 [main] DEBUG - Parsing relationship: /xl/worksheets/_rels/sheet1.xml.rels
13:33:21.859 [main] DEBUG - Parsing relationship: /_rels/.rels
13:33:25.789 [main] DEBUG - Parsing relationship: /xl/_rels/workbook.xml.rels
13:33:25.790 [main] DEBUG - Parsing relationship: /xl/worksheets/_rels/sheet1.xml.rels
13:33:25.791 [main] DEBUG - Parsing relationship: /_rels/.rels
13:35:00.836 [main] DEBUG - Parsing relationship: /xl/_rels/workbook.xml.rels
13:35:00.840 [main] DEBUG - Parsing relationship: /xl/worksheets/_rels/sheet1.xml.rels
13:35:00.841 [main] DEBUG - Parsing relationship: /_rels/.rels
13:35:00.941 [main] TRACE - Loading type system org.apache.poi.schemas.ooxml.system.ooxml
13:35:00.943 [main] TRACE - Loading type system org.apache.xmlbeans.metadata.system.sXMLCONFIG
13:35:00.943 [main] TRACE - Loading type system org.apache.xmlbeans.metadata.system.sXMLLANG
13:35:00.944 [main] TRACE - Loading type system org.apache.xmlbeans.metadata.system.sXMLSCHEMA
13:35:00.944 [main] TRACE - Loading type system org.apache.xmlbeans.metadata.system.sXMLTOOLS
13:35:00.945 [main] TRACE - Reading unresolved handles for type system org.apache.xmlbeans.metadata.system.sXMLTOOLS
13:35:00.952 [main] TRACE - Finished loading type system org.apache.xmlbeans.metadata.system.sXMLTOOLS
13:35:00.953 [main] TRACE - Reading unresolved handles for type system org.apache.xmlbeans.metadata.system.sXMLSCHEMA
13:35:00.957 [main] TRACE - Finished loading type system org.apache.xmlbeans.metadata.system.sXMLSCHEMA
13:35:00.957 [main] TRACE - Reading unresolved handles for type system org.apache.xmlbeans.metadata.system.sXMLLANG
13:35:00.958 [main] TRACE - Finished loading type system org.apache.xmlbeans.metadata.system.sXMLLANG
13:35:00.958 [main] TRACE - Reading unresolved handles for type system org.apache.xmlbeans.metadata.system.sXMLCONFIG
13:35:00.959 [main] TRACE - Finished loading type system org.apache.xmlbeans.metadata.system.sXMLCONFIG
13:35:00.960 [main] TRACE - Reading unresolved handles for type system org.apache.poi.schemas.ooxml.system.ooxml
13:35:01.005 [main] TRACE - Finished loading type system org.apache.poi.schemas.ooxml.system.ooxml
13:35:01.005 [main] TRACE - Resolving type for handle themefd26doctype
13:35:01.041 [main] TRACE - Resolving type for handle stylesheet5d8bdoctype
13:35:01.046 [main] TRACE - Resolving type for handle ctstylesheet4257type
13:35:01.050 [main] TRACE - Resolving type for handle ctfonts6623type
13:35:01.052 [main] TRACE - Resolving type for handle ctfont14d8type
13:35:01.055 [main] TRACE - Resolving type for handle ctfills2c6ftype
13:35:01.056 [main] TRACE - Resolving type for handle ctfill550ctype
13:35:01.058 [main] TRACE - Resolving type for handle ctborders0d66type
13:35:01.059 [main] TRACE - Resolving type for handle ctborderf935type
13:35:01.061 [main] TRACE - Resolving type for handle ctcellxfs1322type
13:35:01.063 [main] TRACE - Resolving type for handle ctxf97f7type
13:35:01.064 [main] TRACE - Resolving type for handle ctcellstylexfsa81ftype
13:35:01.065 [main] TRACE - Resolving type for handle ctdxfsb26atype
13:35:01.067 [main] TRACE - Resolving type for handle sstf81fdoctype
13:35:01.071 [main] TRACE - Resolving type for handle ctsst44f3type
13:35:01.076 [main] TRACE - Resolving type for handle ctrsta472type
13:35:01.089 [main] TRACE - Resolving type for handle ctdrawing2748type
13:35:01.092 [main] TRACE - Resolving type for handle workbookec17doctype
13:35:01.095 [main] TRACE - Resolving type for handle ctworkbook83c3type
13:35:01.098 [main] TRACE - Resolving type for handle ctsheets49fdtype
13:35:01.100 [main] TRACE - Resolving type for handle ctsheet4dbetype
13:35:01.101 [main] TRACE - Resolving type for handle strelationshipid1e94type
13:35:01.102 [main] TRACE - Resolving type for handle worksheetf539doctype
13:35:01.123 [main] TRACE - Resolving type for handle ctworksheet530dtype
13:35:01.127 [main] TRACE - Resolving type for handle ctsheetdata8408type
13:35:01.129 [main] TRACE - Resolving type for handle ctrowdd39type
13:35:01.136 [main] TRACE - Resolving type for handle ctcell842btype
13:35:01.140 [main] TRACE - Resolving type for handle stcellrefe4e0type
13:35:01.160 [main] TRACE - Resolving type for handle ctcols627ctype
13:35:01.163 [main] TRACE - Resolving type for handle ctcola95ftype
13:35:01.176 [main] TRACE - Resolving type for handle ctdefinednamesce48type
13:35:01.179 [main] TRACE - Resolving type for handle ctbookviewsb864type
13:35:01.180 [main] TRACE - Resolving type for handle ctbookviewf677type
13:35:01.182 [main] TRACE - Resolving type for handle stxstringf179type
13:35:01.184 [main] TRACE - Resolving type for handle stcelltypebf95type
13:35:04.543 [main] DEBUG - Parsing relationship: /xl/_rels/workbook.xml.rels
13:35:04.545 [main] DEBUG - Parsing relationship: /xl/worksheets/_rels/sheet1.xml.rels
13:35:04.547 [main] DEBUG - Parsing relationship: /_rels/.rels
13:35:07.680 [main] DEBUG - Parsing relationship: /xl/_rels/workbook.xml.rels
13:35:07.682 [main] DEBUG - Parsing relationship: /xl/worksheets/_rels/sheet1.xml.rels
13:35:07.683 [main] DEBUG - Parsing relationship: /_rels/.rels
13:47:35.049 [main] DEBUG - Parsing relationship: /xl/_rels/workbook.xml.rels
13:47:35.053 [main] DEBUG - Parsing relationship: /xl/worksheets/_rels/sheet1.xml.rels
13:47:35.054 [main] DEBUG - Parsing relationship: /_rels/.rels
13:47:35.179 [main] TRACE - Loading type system org.apache.poi.schemas.ooxml.system.ooxml
13:47:35.181 [main] TRACE - Loading type system org.apache.xmlbeans.metadata.system.sXMLCONFIG
13:47:35.181 [main] TRACE - Loading type system org.apache.xmlbeans.metadata.system.sXMLLANG
13:47:35.181 [main] TRACE - Loading type system org.apache.xmlbeans.metadata.system.sXMLSCHEMA
13:47:35.182 [main] TRACE - Loading type system org.apache.xmlbeans.metadata.system.sXMLTOOLS
13:47:35.182 [main] TRACE - Reading unresolved handles for type system org.apache.xmlbeans.metadata.system.sXMLTOOLS
13:47:35.191 [main] TRACE - Finished loading type system org.apache.xmlbeans.metadata.system.sXMLTOOLS
13:47:35.191 [main] TRACE - Reading unresolved handles for type system org.apache.xmlbeans.metadata.system.sXMLSCHEMA
13:47:35.196 [main] TRACE - Finished loading type system org.apache.xmlbeans.metadata.system.sXMLSCHEMA
13:47:35.197 [main] TRACE - Reading unresolved handles for type system org.apache.xmlbeans.metadata.system.sXMLLANG
13:47:35.198 [main] TRACE - Finished loading type system org.apache.xmlbeans.metadata.system.sXMLLANG
13:47:35.199 [main] TRACE - Reading unresolved handles for type system org.apache.xmlbeans.metadata.system.sXMLCONFIG
13:47:35.199 [main] TRACE - Finished loading type system org.apache.xmlbeans.metadata.system.sXMLCONFIG
13:47:35.200 [main] TRACE - Reading unresolved handles for type system org.apache.poi.schemas.ooxml.system.ooxml
13:47:35.252 [main] TRACE - Finished loading type system org.apache.poi.schemas.ooxml.system.ooxml
13:47:35.253 [main] TRACE - Resolving type for handle themefd26doctype
13:47:35.293 [main] TRACE - Resolving type for handle stylesheet5d8bdoctype
13:47:35.300 [main] TRACE - Resolving type for handle ctstylesheet4257type
13:47:35.303 [main] TRACE - Resolving type for handle ctfonts6623type
13:47:35.305 [main] TRACE - Resolving type for handle ctfont14d8type
13:47:35.310 [main] TRACE - Resolving type for handle ctfills2c6ftype
13:47:35.312 [main] TRACE - Resolving type for handle ctfill550ctype
13:47:35.314 [main] TRACE - Resolving type for handle ctborders0d66type
13:47:35.316 [main] TRACE - Resolving type for handle ctborderf935type
13:47:35.318 [main] TRACE - Resolving type for handle ctcellxfs1322type
13:47:35.320 [main] TRACE - Resolving type for handle ctxf97f7type
13:47:35.323 [main] TRACE - Resolving type for handle ctcellstylexfsa81ftype
13:47:35.324 [main] TRACE - Resolving type for handle ctdxfsb26atype
13:47:35.327 [main] TRACE - Resolving type for handle sstf81fdoctype
13:47:35.330 [main] TRACE - Resolving type for handle ctsst44f3type
13:47:35.336 [main] TRACE - Resolving type for handle ctrsta472type
13:47:35.351 [main] TRACE - Resolving type for handle ctdrawing2748type
13:47:35.355 [main] TRACE - Resolving type for handle workbookec17doctype
13:47:35.358 [main] TRACE - Resolving type for handle ctworkbook83c3type
13:47:35.362 [main] TRACE - Resolving type for handle ctsheets49fdtype
13:47:35.363 [main] TRACE - Resolving type for handle ctsheet4dbetype
13:47:35.365 [main] TRACE - Resolving type for handle strelationshipid1e94type
13:47:35.367 [main] TRACE - Resolving type for handle worksheetf539doctype
13:47:35.371 [main] TRACE - Resolving type for handle ctworksheet530dtype
13:47:35.376 [main] TRACE - Resolving type for handle ctsheetdata8408type
13:47:35.378 [main] TRACE - Resolving type for handle ctrowdd39type
13:47:35.381 [main] TRACE - Resolving type for handle ctcell842btype
13:47:35.385 [main] TRACE - Resolving type for handle stcellrefe4e0type
13:47:35.392 [main] TRACE - Resolving type for handle ctcols627ctype
13:47:35.396 [main] TRACE - Resolving type for handle ctcola95ftype
13:47:35.410 [main] TRACE - Resolving type for handle cthyperlinks6416type
13:47:35.412 [main] TRACE - Resolving type for handle cthyperlink0c85type
13:47:35.416 [main] TRACE - Resolving type for handle ctdefinednamesce48type
13:47:35.419 [main] TRACE - Resolving type for handle ctbookviewsb864type
13:47:35.421 [main] TRACE - Resolving type for handle ctbookviewf677type
13:47:35.424 [main] TRACE - Resolving type for handle stxstringf179type
13:47:35.426 [main] TRACE - Resolving type for handle stcelltypebf95type
13:47:38.183 [main] DEBUG - Parsing relationship: /xl/_rels/workbook.xml.rels
13:47:38.185 [main] DEBUG - Parsing relationship: /xl/worksheets/_rels/sheet1.xml.rels
13:47:38.186 [main] DEBUG - Parsing relationship: /_rels/.rels
13:47:42.156 [main] DEBUG - Parsing relationship: /xl/_rels/workbook.xml.rels
13:47:42.157 [main] DEBUG - Parsing relationship: /xl/worksheets/_rels/sheet1.xml.rels
13:47:42.158 [main] DEBUG - Parsing relationship: /_rels/.rels
14:12:27.579 [main] DEBUG - Parsing relationship: /xl/_rels/workbook.xml.rels
14:12:27.583 [main] DEBUG - Parsing relationship: /xl/worksheets/_rels/sheet1.xml.rels
14:12:27.585 [main] DEBUG - Parsing relationship: /_rels/.rels
14:12:27.684 [main] TRACE - Loading type system org.apache.poi.schemas.ooxml.system.ooxml
14:12:27.686 [main] TRACE - Loading type system org.apache.xmlbeans.metadata.system.sXMLCONFIG
14:12:27.686 [main] TRACE - Loading type system org.apache.xmlbeans.metadata.system.sXMLLANG
14:12:27.686 [main] TRACE - Loading type system org.apache.xmlbeans.metadata.system.sXMLSCHEMA
14:12:27.687 [main] TRACE - Loading type system org.apache.xmlbeans.metadata.system.sXMLTOOLS
14:12:27.687 [main] TRACE - Reading unresolved handles for type system org.apache.xmlbeans.metadata.system.sXMLTOOLS
14:12:27.696 [main] TRACE - Finished loading type system org.apache.xmlbeans.metadata.system.sXMLTOOLS
14:12:27.697 [main] TRACE - Reading unresolved handles for type system org.apache.xmlbeans.metadata.system.sXMLSCHEMA
14:12:27.701 [main] TRACE - Finished loading type system org.apache.xmlbeans.metadata.system.sXMLSCHEMA
14:12:27.702 [main] TRACE - Reading unresolved handles for type system org.apache.xmlbeans.metadata.system.sXMLLANG
14:12:27.703 [main] TRACE - Finished loading type system org.apache.xmlbeans.metadata.system.sXMLLANG
14:12:27.703 [main] TRACE - Reading unresolved handles for type system org.apache.xmlbeans.metadata.system.sXMLCONFIG
14:12:27.704 [main] TRACE - Finished loading type system org.apache.xmlbeans.metadata.system.sXMLCONFIG
14:12:27.705 [main] TRACE - Reading unresolved handles for type system org.apache.poi.schemas.ooxml.system.ooxml
14:12:27.755 [main] TRACE - Finished loading type system org.apache.poi.schemas.ooxml.system.ooxml
14:12:27.756 [main] TRACE - Resolving type for handle themefd26doctype
14:12:27.791 [main] TRACE - Resolving type for handle stylesheet5d8bdoctype
14:12:27.798 [main] TRACE - Resolving type for handle ctstylesheet4257type
14:12:27.801 [main] TRACE - Resolving type for handle ctfonts6623type
14:12:27.803 [main] TRACE - Resolving type for handle ctfont14d8type
14:12:27.806 [main] TRACE - Resolving type for handle ctfills2c6ftype
14:12:27.808 [main] TRACE - Resolving type for handle ctfill550ctype
14:12:27.809 [main] TRACE - Resolving type for handle ctborders0d66type
14:12:27.811 [main] TRACE - Resolving type for handle ctborderf935type
14:12:27.813 [main] TRACE - Resolving type for handle ctcellxfs1322type
14:12:27.815 [main] TRACE - Resolving type for handle ctxf97f7type
14:12:27.817 [main] TRACE - Resolving type for handle ctcellstylexfsa81ftype
14:12:27.818 [main] TRACE - Resolving type for handle ctdxfsb26atype
14:12:27.820 [main] TRACE - Resolving type for handle sstf81fdoctype
14:12:27.825 [main] TRACE - Resolving type for handle ctsst44f3type
14:12:27.831 [main] TRACE - Resolving type for handle ctrsta472type
14:12:27.843 [main] TRACE - Resolving type for handle ctdrawing2748type
14:12:27.847 [main] TRACE - Resolving type for handle workbookec17doctype
14:12:27.850 [main] TRACE - Resolving type for handle ctworkbook83c3type
14:12:27.853 [main] TRACE - Resolving type for handle ctsheets49fdtype
14:12:27.855 [main] TRACE - Resolving type for handle ctsheet4dbetype
14:12:27.856 [main] TRACE - Resolving type for handle strelationshipid1e94type
14:12:27.857 [main] TRACE - Resolving type for handle worksheetf539doctype
14:12:27.861 [main] TRACE - Resolving type for handle ctworksheet530dtype
14:12:27.866 [main] TRACE - Resolving type for handle ctsheetdata8408type
14:12:27.868 [main] TRACE - Resolving type for handle ctrowdd39type
14:12:27.871 [main] TRACE - Resolving type for handle ctcell842btype
14:12:27.875 [main] TRACE - Resolving type for handle stcellrefe4e0type
14:12:27.880 [main] TRACE - Resolving type for handle ctcols627ctype
14:12:27.883 [main] TRACE - Resolving type for handle ctcola95ftype
14:12:27.895 [main] TRACE - Resolving type for handle cthyperlinks6416type
14:12:27.897 [main] TRACE - Resolving type for handle cthyperlink0c85type
14:12:27.900 [main] TRACE - Resolving type for handle ctdefinednamesce48type
14:12:27.903 [main] TRACE - Resolving type for handle ctbookviewsb864type
14:12:27.904 [main] TRACE - Resolving type for handle ctbookviewf677type
14:12:27.907 [main] TRACE - Resolving type for handle stxstringf179type
14:12:27.908 [main] TRACE - Resolving type for handle stcelltypebf95type
14:23:17.017 [main] DEBUG - Parsing relationship: /xl/_rels/workbook.xml.rels
14:23:17.021 [main] DEBUG - Parsing relationship: /xl/worksheets/_rels/sheet1.xml.rels
14:23:17.022 [main] DEBUG - Parsing relationship: /_rels/.rels
14:23:17.208 [main] TRACE - Loading type system org.apache.poi.schemas.ooxml.system.ooxml
14:23:17.210 [main] TRACE - Loading type system org.apache.xmlbeans.metadata.system.sXMLCONFIG
14:23:17.210 [main] TRACE - Loading type system org.apache.xmlbeans.metadata.system.sXMLLANG
14:23:17.211 [main] TRACE - Loading type system org.apache.xmlbeans.metadata.system.sXMLSCHEMA
14:23:17.211 [main] TRACE - Loading type system org.apache.xmlbeans.metadata.system.sXMLTOOLS
14:23:17.212 [main] TRACE - Reading unresolved handles for type system org.apache.xmlbeans.metadata.system.sXMLTOOLS
14:23:17.220 [main] TRACE - Finished loading type system org.apache.xmlbeans.metadata.system.sXMLTOOLS
14:23:17.221 [main] TRACE - Reading unresolved handles for type system org.apache.xmlbeans.metadata.system.sXMLSCHEMA
14:23:17.224 [main] TRACE - Finished loading type system org.apache.xmlbeans.metadata.system.sXMLSCHEMA
14:23:17.225 [main] TRACE - Reading unresolved handles for type system org.apache.xmlbeans.metadata.system.sXMLLANG
14:23:17.226 [main] TRACE - Finished loading type system org.apache.xmlbeans.metadata.system.sXMLLANG
14:23:17.226 [main] TRACE - Reading unresolved handles for type system org.apache.xmlbeans.metadata.system.sXMLCONFIG
14:23:17.227 [main] TRACE - Finished loading type system org.apache.xmlbeans.metadata.system.sXMLCONFIG
14:23:17.228 [main] TRACE - Reading unresolved handles for type system org.apache.poi.schemas.ooxml.system.ooxml
14:23:17.276 [main] TRACE - Finished loading type system org.apache.poi.schemas.ooxml.system.ooxml
14:23:17.277 [main] TRACE - Resolving type for handle themefd26doctype
14:23:17.317 [main] TRACE - Resolving type for handle stylesheet5d8bdoctype
14:23:17.324 [main] TRACE - Resolving type for handle ctstylesheet4257type
14:23:17.328 [main] TRACE - Resolving type for handle ctfonts6623type
14:23:17.330 [main] TRACE - Resolving type for handle ctfont14d8type
14:23:17.334 [main] TRACE - Resolving type for handle ctfills2c6ftype
14:23:17.335 [main] TRACE - Resolving type for handle ctfill550ctype
14:23:17.337 [main] TRACE - Resolving type for handle ctborders0d66type
14:23:17.338 [main] TRACE - Resolving type for handle ctborderf935type
14:23:17.340 [main] TRACE - Resolving type for handle ctcellxfs1322type
14:23:17.343 [main] TRACE - Resolving type for handle ctxf97f7type
14:23:17.345 [main] TRACE - Resolving type for handle ctcellstylexfsa81ftype
14:23:17.346 [main] TRACE - Resolving type for handle ctdxfsb26atype
14:23:17.349 [main] TRACE - Resolving type for handle sstf81fdoctype
14:23:17.353 [main] TRACE - Resolving type for handle ctsst44f3type
14:23:17.358 [main] TRACE - Resolving type for handle ctrsta472type
14:23:17.373 [main] TRACE - Resolving type for handle ctdrawing2748type
14:23:17.377 [main] TRACE - Resolving type for handle workbookec17doctype
14:23:17.380 [main] TRACE - Resolving type for handle ctworkbook83c3type
14:23:17.383 [main] TRACE - Resolving type for handle ctsheets49fdtype
14:23:17.385 [main] TRACE - Resolving type for handle ctsheet4dbetype
14:23:17.386 [main] TRACE - Resolving type for handle strelationshipid1e94type
14:23:17.388 [main] TRACE - Resolving type for handle worksheetf539doctype
14:23:17.393 [main] TRACE - Resolving type for handle ctworksheet530dtype
14:23:17.397 [main] TRACE - Resolving type for handle ctsheetdata8408type
14:23:17.399 [main] TRACE - Resolving type for handle ctrowdd39type
14:23:17.403 [main] TRACE - Resolving type for handle ctcell842btype
14:23:17.407 [main] TRACE - Resolving type for handle stcellrefe4e0type
14:23:17.414 [main] TRACE - Resolving type for handle ctcols627ctype
14:23:17.418 [main] TRACE - Resolving type for handle ctcola95ftype
14:23:17.429 [main] TRACE - Resolving type for handle cthyperlinks6416type
14:23:17.430 [main] TRACE - Resolving type for handle cthyperlink0c85type
14:23:17.434 [main] TRACE - Resolving type for handle ctdefinednamesce48type
14:23:17.437 [main] TRACE - Resolving type for handle ctbookviewsb864type
14:23:17.439 [main] TRACE - Resolving type for handle ctbookviewf677type
14:23:17.441 [main] TRACE - Resolving type for handle stxstringf179type
14:23:17.443 [main] TRACE - Resolving type for handle stcelltypebf95type
14:23:20.333 [main] DEBUG - Parsing relationship: /xl/_rels/workbook.xml.rels
14:23:20.342 [main] DEBUG - Parsing relationship: /xl/worksheets/_rels/sheet1.xml.rels
14:23:20.344 [main] DEBUG - Parsing relationship: /_rels/.rels
14:23:25.599 [main] DEBUG - Parsing relationship: /xl/_rels/workbook.xml.rels
14:23:25.602 [main] DEBUG - Parsing relationship: /xl/worksheets/_rels/sheet1.xml.rels
14:23:25.603 [main] DEBUG - Parsing relationship: /_rels/.rels
14:53:05.774 [main] DEBUG - Parsing relationship: /xl/_rels/workbook.xml.rels
14:53:05.778 [main] DEBUG - Parsing relationship: /xl/worksheets/_rels/sheet1.xml.rels
14:53:05.779 [main] DEBUG - Parsing relationship: /_rels/.rels
14:53:05.905 [main] TRACE - Loading type system org.apache.poi.schemas.ooxml.system.ooxml
14:53:05.907 [main] TRACE - Loading type system org.apache.xmlbeans.metadata.system.sXMLCONFIG
14:53:05.907 [main] TRACE - Loading type system org.apache.xmlbeans.metadata.system.sXMLLANG
14:53:05.908 [main] TRACE - Loading type system org.apache.xmlbeans.metadata.system.sXMLSCHEMA
14:53:05.908 [main] TRACE - Loading type system org.apache.xmlbeans.metadata.system.sXMLTOOLS
14:53:05.908 [main] TRACE - Reading unresolved handles for type system org.apache.xmlbeans.metadata.system.sXMLTOOLS
14:53:05.917 [main] TRACE - Finished loading type system org.apache.xmlbeans.metadata.system.sXMLTOOLS
14:53:05.918 [main] TRACE - Reading unresolved handles for type system org.apache.xmlbeans.metadata.system.sXMLSCHEMA
14:53:05.923 [main] TRACE - Finished loading type system org.apache.xmlbeans.metadata.system.sXMLSCHEMA
14:53:05.923 [main] TRACE - Reading unresolved handles for type system org.apache.xmlbeans.metadata.system.sXMLLANG
14:53:05.924 [main] TRACE - Finished loading type system org.apache.xmlbeans.metadata.system.sXMLLANG
14:53:05.925 [main] TRACE - Reading unresolved handles for type system org.apache.xmlbeans.metadata.system.sXMLCONFIG
14:53:05.926 [main] TRACE - Finished loading type system org.apache.xmlbeans.metadata.system.sXMLCONFIG
14:53:05.927 [main] TRACE - Reading unresolved handles for type system org.apache.poi.schemas.ooxml.system.ooxml
14:53:05.978 [main] TRACE - Finished loading type system org.apache.poi.schemas.ooxml.system.ooxml
14:53:05.979 [main] TRACE - Resolving type for handle themefd26doctype
14:53:06.019 [main] TRACE - Resolving type for handle stylesheet5d8bdoctype
14:53:06.026 [main] TRACE - Resolving type for handle ctstylesheet4257type
14:53:06.029 [main] TRACE - Resolving type for handle ctfonts6623type
14:53:06.031 [main] TRACE - Resolving type for handle ctfont14d8type
14:53:06.035 [main] TRACE - Resolving type for handle ctfills2c6ftype
14:53:06.037 [main] TRACE - Resolving type for handle ctfill550ctype
14:53:06.038 [main] TRACE - Resolving type for handle ctborders0d66type
14:53:06.040 [main] TRACE - Resolving type for handle ctborderf935type
14:53:06.042 [main] TRACE - Resolving type for handle ctcellxfs1322type
14:53:06.044 [main] TRACE - Resolving type for handle ctxf97f7type
14:53:06.047 [main] TRACE - Resolving type for handle ctcellstylexfsa81ftype
14:53:06.048 [main] TRACE - Resolving type for handle ctdxfsb26atype
14:53:06.051 [main] TRACE - Resolving type for handle sstf81fdoctype
14:53:06.055 [main] TRACE - Resolving type for handle ctsst44f3type
14:53:06.061 [main] TRACE - Resolving type for handle ctrsta472type
14:53:06.075 [main] TRACE - Resolving type for handle ctdrawing2748type
14:53:06.078 [main] TRACE - Resolving type for handle workbookec17doctype
14:53:06.081 [main] TRACE - Resolving type for handle ctworkbook83c3type
14:53:06.085 [main] TRACE - Resolving type for handle ctsheets49fdtype
14:53:06.086 [main] TRACE - Resolving type for handle ctsheet4dbetype
14:53:06.088 [main] TRACE - Resolving type for handle strelationshipid1e94type
14:53:06.090 [main] TRACE - Resolving type for handle worksheetf539doctype
14:53:06.095 [main] TRACE - Resolving type for handle ctworksheet530dtype
14:53:06.099 [main] TRACE - Resolving type for handle ctsheetdata8408type
14:53:06.101 [main] TRACE - Resolving type for handle ctrowdd39type
14:53:06.104 [main] TRACE - Resolving type for handle ctcell842btype
14:53:06.108 [main] TRACE - Resolving type for handle stcellrefe4e0type
14:53:06.115 [main] TRACE - Resolving type for handle ctcols627ctype
14:53:06.118 [main] TRACE - Resolving type for handle ctcola95ftype
14:53:06.131 [main] TRACE - Resolving type for handle cthyperlinks6416type
14:53:06.133 [main] TRACE - Resolving type for handle cthyperlink0c85type
14:53:06.137 [main] TRACE - Resolving type for handle ctdefinednamesce48type
14:53:06.140 [main] TRACE - Resolving type for handle ctbookviewsb864type
14:53:06.141 [main] TRACE - Resolving type for handle ctbookviewf677type
14:53:06.144 [main] TRACE - Resolving type for handle stxstringf179type
14:53:06.146 [main] TRACE - Resolving type for handle stcelltypebf95type
14:53:09.051 [main] DEBUG - Parsing relationship: /xl/_rels/workbook.xml.rels
14:53:09.055 [main] DEBUG - Parsing relationship: /xl/worksheets/_rels/sheet1.xml.rels
14:53:09.056 [main] DEBUG - Parsing relationship: /_rels/.rels
14:53:13.175 [main] DEBUG - Parsing relationship: /xl/_rels/workbook.xml.rels
14:53:13.176 [main] DEBUG - Parsing relationship: /xl/worksheets/_rels/sheet1.xml.rels
14:53:13.177 [main] DEBUG - Parsing relationship: /_rels/.rels
14:57:08.086 [main] DEBUG - Parsing relationship: /xl/_rels/workbook.xml.rels
14:57:08.091 [main] DEBUG - Parsing relationship: /xl/worksheets/_rels/sheet1.xml.rels
14:57:08.092 [main] DEBUG - Parsing relationship: /_rels/.rels
14:57:08.209 [main] TRACE - Loading type system org.apache.poi.schemas.ooxml.system.ooxml
14:57:08.211 [main] TRACE - Loading type system org.apache.xmlbeans.metadata.system.sXMLCONFIG
14:57:08.211 [main] TRACE - Loading type system org.apache.xmlbeans.metadata.system.sXMLLANG
14:57:08.212 [main] TRACE - Loading type system org.apache.xmlbeans.metadata.system.sXMLSCHEMA
14:57:08.212 [main] TRACE - Loading type system org.apache.xmlbeans.metadata.system.sXMLTOOLS
14:57:08.213 [main] TRACE - Reading unresolved handles for type system org.apache.xmlbeans.metadata.system.sXMLTOOLS
14:57:08.221 [main] TRACE - Finished loading type system org.apache.xmlbeans.metadata.system.sXMLTOOLS
14:57:08.222 [main] TRACE - Reading unresolved handles for type system org.apache.xmlbeans.metadata.system.sXMLSCHEMA
14:57:08.226 [main] TRACE - Finished loading type system org.apache.xmlbeans.metadata.system.sXMLSCHEMA
14:57:08.226 [main] TRACE - Reading unresolved handles for type system org.apache.xmlbeans.metadata.system.sXMLLANG
14:57:08.227 [main] TRACE - Finished loading type system org.apache.xmlbeans.metadata.system.sXMLLANG
14:57:08.228 [main] TRACE - Reading unresolved handles for type system org.apache.xmlbeans.metadata.system.sXMLCONFIG
14:57:08.228 [main] TRACE - Finished loading type system org.apache.xmlbeans.metadata.system.sXMLCONFIG
14:57:08.229 [main] TRACE - Reading unresolved handles for type system org.apache.poi.schemas.ooxml.system.ooxml
14:57:08.274 [main] TRACE - Finished loading type system org.apache.poi.schemas.ooxml.system.ooxml
14:57:08.275 [main] TRACE - Resolving type for handle themefd26doctype
14:57:08.314 [main] TRACE - Resolving type for handle stylesheet5d8bdoctype
14:57:08.321 [main] TRACE - Resolving type for handle ctstylesheet4257type
14:57:08.325 [main] TRACE - Resolving type for handle ctfonts6623type
14:57:08.327 [main] TRACE - Resolving type for handle ctfont14d8type
14:57:08.331 [main] TRACE - Resolving type for handle ctfills2c6ftype
14:57:08.333 [main] TRACE - Resolving type for handle ctfill550ctype
14:57:08.335 [main] TRACE - Resolving type for handle ctborders0d66type
14:57:08.337 [main] TRACE - Resolving type for handle ctborderf935type
14:57:08.339 [main] TRACE - Resolving type for handle ctcellxfs1322type
14:57:08.342 [main] TRACE - Resolving type for handle ctxf97f7type
14:57:08.344 [main] TRACE - Resolving type for handle ctcellstylexfsa81ftype
14:57:08.345 [main] TRACE - Resolving type for handle ctdxfsb26atype
14:57:08.348 [main] TRACE - Resolving type for handle sstf81fdoctype
14:57:08.352 [main] TRACE - Resolving type for handle ctsst44f3type
14:57:08.359 [main] TRACE - Resolving type for handle ctrsta472type
14:57:08.373 [main] TRACE - Resolving type for handle ctdrawing2748type
14:57:08.376 [main] TRACE - Resolving type for handle workbookec17doctype
14:57:08.380 [main] TRACE - Resolving type for handle ctworkbook83c3type
14:57:08.383 [main] TRACE - Resolving type for handle ctsheets49fdtype
14:57:08.385 [main] TRACE - Resolving type for handle ctsheet4dbetype
14:57:08.386 [main] TRACE - Resolving type for handle strelationshipid1e94type
14:57:08.388 [main] TRACE - Resolving type for handle worksheetf539doctype
14:57:08.393 [main] TRACE - Resolving type for handle ctworksheet530dtype
14:57:08.397 [main] TRACE - Resolving type for handle ctsheetdata8408type
14:57:08.399 [main] TRACE - Resolving type for handle ctrowdd39type
14:57:08.402 [main] TRACE - Resolving type for handle ctcell842btype
14:57:08.406 [main] TRACE - Resolving type for handle stcellrefe4e0type
14:57:08.413 [main] TRACE - Resolving type for handle ctcols627ctype
14:57:08.417 [main] TRACE - Resolving type for handle ctcola95ftype
14:57:08.428 [main] TRACE - Resolving type for handle cthyperlinks6416type
14:57:08.430 [main] TRACE - Resolving type for handle cthyperlink0c85type
14:57:08.434 [main] TRACE - Resolving type for handle ctdefinednamesce48type
14:57:08.437 [main] TRACE - Resolving type for handle ctbookviewsb864type
14:57:08.439 [main] TRACE - Resolving type for handle ctbookviewf677type
14:57:08.441 [main] TRACE - Resolving type for handle stxstringf179type
14:57:08.443 [main] TRACE - Resolving type for handle stcelltypebf95type
14:57:11.557 [main] DEBUG - Parsing relationship: /xl/_rels/workbook.xml.rels
14:57:11.559 [main] DEBUG - Parsing relationship: /xl/worksheets/_rels/sheet1.xml.rels
14:57:11.560 [main] DEBUG - Parsing relationship: /_rels/.rels
14:57:15.136 [main] DEBUG - Parsing relationship: /xl/_rels/workbook.xml.rels
14:57:15.137 [main] DEBUG - Parsing relationship: /xl/worksheets/_rels/sheet1.xml.rels
14:57:15.137 [main] DEBUG - Parsing relationship: /_rels/.rels
16:28:50.604 [main] INFO  - clicking on the email
16:28:50.707 [main] INFO  - clicking on the profesional options
16:28:50.798 [main] INFO  - Enter Name,Email and Phonenumber
16:28:51.109 [main] INFO  - the user click on the continue button
16:28:51.226 [main] INFO  - Enter Company Name, Password, and Confirm Password
16:29:01.453 [main] INFO  - User click on the t&c field
16:29:11.504 [main] INFO  - User click on the register field
16:29:21.571 [main] INFO  - The OTP page should be open
17:05:44.845 [main] INFO  - clicking on the email
17:05:44.949 [main] INFO  - clicking on the profesional options
17:05:45.041 [main] INFO  - Enter Name,Email and Phonenumber
17:05:45.351 [main] INFO  - the user click on the continue button
17:05:45.460 [main] INFO  - Enter Company Name, Password, and Confirm Password
17:05:55.671 [main] INFO  - User click on the t&c field
17:06:05.723 [main] INFO  - User click on the register field
17:06:15.788 [main] INFO  - The OTP page should be open
17:08:06.082 [main] INFO  - clicking on the email
17:08:06.180 [main] INFO  - clicking on the profesional options
17:08:06.268 [main] INFO  - Enter Name,Email and Phonenumber
17:08:06.583 [main] INFO  - the user click on the continue button
17:08:06.689 [main] INFO  - Enter Company Name, Password, and Confirm Password
17:08:16.916 [main] INFO  - User click on the t&c field
17:08:26.968 [main] INFO  - User click on the register field
17:08:37.034 [main] INFO  - The OTP page should be open
17:26:54.118 [main] INFO  - clicking on the email
17:26:54.197 [main] INFO  - entering email and password
17:26:54.422 [main] INFO  - Click on the login button
17:40:05.056 [main] INFO  - clicking on the email
17:40:05.160 [main] INFO  - clicking on the profesional options
17:40:05.252 [main] INFO  - Enter Name,Email and Phonenumber
17:40:05.603 [main] INFO  - the user click on the continue button
17:40:05.721 [main] INFO  - Enter Company Name, Password, and Confirm Password
17:40:15.962 [main] INFO  - User click on the t&c field
17:40:26.024 [main] INFO  - User click on the register field
17:40:36.098 [main] INFO  - The OTP page should be open
17:40:38.714 [main] INFO  - clicking on the email
17:40:39.208 [main] INFO  - entering email and password
17:40:39.481 [main] INFO  - Click on the login button
17:44:19.247 [main] INFO  - clicking on the email
17:44:19.351 [main] INFO  - clicking on the profesional options
17:44:19.442 [main] INFO  - Enter Name,Email and Phonenumber
17:44:19.802 [main] INFO  - the user click on the continue button
17:44:19.921 [main] INFO  - Enter Company Name, Password, and Confirm Password
17:44:30.157 [main] INFO  - User click on the t&c field
17:44:40.220 [main] INFO  - User click on the register field
17:44:50.289 [main] INFO  - The OTP page should be open
17:44:53.376 [main] INFO  - clicking on the email
17:44:53.917 [main] INFO  - entering email and password
17:44:54.183 [main] INFO  - Click on the login button
17:46:05.018 [main] INFO  - clicking on the email
17:46:05.120 [main] INFO  - clicking on the profesional options
17:46:05.210 [main] INFO  - Enter Name,Email and Phonenumber
17:46:05.523 [main] INFO  - the user click on the continue button
17:46:05.628 [main] INFO  - Enter Company Name, Password, and Confirm Password
17:46:15.843 [main] INFO  - User click on the t&c field
17:46:25.894 [main] INFO  - User click on the register field
17:46:35.958 [main] INFO  - The OTP page should be open
17:46:40.202 [main] INFO  - clicking on the email
17:46:40.711 [main] INFO  - entering email and password
17:46:40.947 [main] INFO  - Click on the login button
17:53:21.321 [main] INFO  - clicking on the email
17:53:21.419 [main] INFO  - clicking on the profesional options
